  21
 Etot=          -4.2013282366
 B          0.0000186810       -1.1509057806        0.0015637369
 N          1.2462724306       -0.2287611227       -0.0009552544
 C          2.5174633693       -0.6069645020       -0.0042445053
 C          3.3566353448        0.5167940180       -0.0040311799
 C          2.5402155194        1.6241701826       -0.0001339932
 C          1.2053479799        1.1503929838        0.0016279919
 C         -0.0000153259        1.8331158364        0.0035225059
 C         -1.2053618572        1.1503838546        0.0016143297
 N         -1.2462848748       -0.2287881372       -0.0008071007
 C         -2.5174684084       -0.6069882591       -0.0040570309
 C         -3.3566537518        0.5167720908       -0.0040299694
 C         -2.5402362684        1.6241468936       -0.0002707867
 F          0.0001127766       -1.9342527415        1.1333194928
 F         -0.0000625293       -1.9406858879       -1.1255700603
 H          2.7820212796       -1.6471077377       -0.0067546129
 H          4.4283308585        0.4956885106       -0.0066218799
 H          2.8306145087        2.6564133478        0.0010418299
 H         -0.0000190064        2.9127359890        0.0055370353
 H         -2.7820490838       -1.6471291447       -0.0063824688
 H         -4.4283476684        0.4956656747       -0.0066707407
 H         -2.8306508039        2.6563854926        0.0006943352
  21
 Etot=          -4.2057701882
 B          0.0000121595       -1.1297479214        0.0013967621
 N          1.2499205673       -0.2247054629       -0.0009713933
 C          2.5219434873       -0.6321632197       -0.0042420302
 C          3.3506479965        0.5016554514       -0.0038583024
 C          2.5389652120        1.6196132822       -0.0000727191
 C          1.1960368257        1.1659816777        0.0016482721
 C         -0.0000139334        1.8638704545        0.0035163938
 C         -1.1960523502        1.1659686830        0.0016377529
 N         -1.2499313153       -0.2247289218       -0.0008380489
 C         -2.5219502917       -0.6321871748       -0.0040699419
 C         -3.3506626721        0.5016298486       -0.0038446496
 C         -2.5389846505        1.6195892746       -0.0001800867
 F          0.0000923789       -1.9078564077        1.1422102353
 F         -0.0000550433       -1.9141557560       -1.1349891274
 H          2.7947677318       -1.6744663083       -0.0067489200
 H          4.4273096468        0.4882649439       -0.0063351657
 H          2.8457146531        2.6511655072        0.0009955789
 H         -0.0000192413        2.9384665303        0.0052661783
 H         -2.7947882591       -1.6744876060       -0.0064310727
 H         -4.4273232980        0.4882368903       -0.0063745816
 H         -2.8457464338        2.6511377955        0.0006765407
  21
 Etot=          -4.2071588690
 B          0.0000050903       -1.1087144981        0.0011356310
 N          1.2513056144       -0.2189662377       -0.0010467665
 C          2.5197640839       -0.6531110721       -0.0041627508
 C          3.3390732972        0.4855001033       -0.0036125455
 C          2.5348024712        1.6129892554        0.0000022432
 C          1.1865921521        1.1800919591        0.0015547769
 C         -0.0000128690        1.8915142186        0.0033326478
 C         -1.1866093054        1.1800768225        0.0015432654
 N         -1.2513156169       -0.2189849923       -0.0009427794
 C         -2.5197726354       -0.6531350541       -0.0040228450
 C         -3.3390861561        0.4854722336       -0.0035913387
 C         -2.5348216209        1.6129657255       -0.0000689949
 F          0.0000673431       -1.8818883977        1.1514730757
 F         -0.0000381855       -1.8879230553       -1.1450624409
 H          2.8024511305       -1.6935890801       -0.0065939925
 H          4.4175435233        0.4789208391       -0.0058615227
 H          2.8598989146        2.6401949154        0.0009861239
 H         -0.0000194171        2.9642224807        0.0048329832
 H         -2.8024626514       -1.6936122961       -0.0063552813
 H         -4.4175558160        0.4788888529       -0.0058845018
 H         -2.8599261768        2.6401688380        0.0007366872
  21
 Etot=          -4.2072178428
 B          0.0000037498       -1.1046763969        0.0009318175
 N          1.2504282943       -0.2165681042       -0.0011353113
 C          2.5163912101       -0.6560012962       -0.0040621006
 C          3.3357340781        0.4814454587       -0.0034288815
 C          2.5342074762        1.6113793064        0.0000177371
 C          1.1851793762        1.1833304794        0.0014108672
 C         -0.0000129483        1.8967564188        0.0030973635
 C         -1.1851969666        1.1833161527        0.0013978917
 N         -1.2504377557       -0.2165848915       -0.0010533304
 C         -2.5163989283       -0.6560248498       -0.0039476383
 C         -3.3357471438        0.4814176469       -0.0034069022
 C         -2.5342272744        1.6113563736       -0.0000370017
 F          0.0000539843       -1.8770357820        1.1533932272
 F         -0.0000283024       -1.8828310009       -1.1475771019
 H          2.8020296697       -1.6952428361       -0.0063915577
 H          4.4137384743        0.4748738070       -0.0054636219
 H          2.8648194577        2.6361973715        0.0010074968
 H         -0.0000193805        2.9702276829        0.0045024409
 H         -2.8020364975       -1.6952670019       -0.0062035310
 H         -4.4137509870        0.4748408356       -0.0054737185
 H         -2.8648464158        2.6361721870        0.0008135294
  21
 Etot=          -4.2072324256
 B          0.0000032182       -1.1033891883        0.0006901642
 N          1.2492559949       -0.2147358886       -0.0012418557
 C          2.5134030121       -0.6564778854       -0.0039278881
 C          3.3343117591        0.4794131260       -0.0032172393
 C          2.5346171217        1.6108140812        0.0000194436
 C          1.1851048696        1.1851098659        0.0012185125
 C         -0.0000130260        1.8988242041        0.0028017164
 C         -1.1851227804        1.1850969080        0.0012052926
 N         -1.2492646304       -0.2147508934       -0.0011838842
 C         -2.5134091962       -0.6565008812       -0.0038407505
 C         -3.3343249499        0.4793853878       -0.0031949827
 C         -2.5346377393        1.6107916783       -0.0000177306
 F          0.0000399116       -1.8757159331        1.1539406649
 F         -0.0000189015       -1.8811984153       -1.1488291207
 H          2.8007702921       -1.6949830943       -0.0061202661
 H          4.4120232719        0.4717960306       -0.0050048206
 H          2.8687804532        2.6340621386        0.0010327513
 H         -0.0000190064        2.9727486417        0.0041507934
 H         -2.8007725188       -1.6950077675       -0.0059831413
 H         -4.4120358706        0.4717619242       -0.0050019951
 H         -2.8688081147        2.6340375217        0.0008960105
